app/build/intermediates/manifest_merge_blame_file/debug/manifest-merger-blame-debug-report.txt
1<?xml version="1.0" encoding="utf-8"?>
2<manifest xmlns:android="http://schemas.android.com/apk/res/android"
3    package="ch.joris.morseapp"
4    android:versionCode="1"
5    android:versionName="1.0" >
6
7    <uses-sdk
8        android:minSdkVersion="16"
8-->src/main/AndroidManifest.xml
9        android:targetSdkVersion="28" />
9-->src/main/AndroidManifest.xml
10
11    <uses-permission android:name="android.permission.VIBRATE" />
11-->src/main/AndroidManifest.xml:24:5-66
11-->src/main/AndroidManifest.xml:24:22-63
12    <uses-permission android:name="android.permission.BLUETOOTH" />
12-->src/main/AndroidManifest.xml:25:5-68
12-->src/main/AndroidManifest.xml:25:22-65
13    <uses-permission android:name="android.permission.BLUETOOTH_ADMIN" />
13-->src/main/AndroidManifest.xml:26:5-74
13-->src/main/AndroidManifest.xml:26:22-71
14
15    <!--
16         If your app targets Android 9 or lower, you can declare
17         ACCESS_COARSE_LOCATION instead.
18    -->
19    <uses-permission android:name="android.permission.ACCESS_FINE_LOCATION" />
19-->src/main/AndroidManifest.xml:30:5-79
19-->src/main/AndroidManifest.xml:30:22-76
20
21    <application
21-->src/main/AndroidManifest.xml:5:5-22:19
22        android:allowBackup="true"
22-->src/main/AndroidManifest.xml:6:9-35
23        android:appComponentFactory="android.support.v4.app.CoreComponentFactory"
23-->[com.android.support:support-compat:28.0.0] AndroidManifest.xml:22:18-91
24        android:debuggable="true"
25        android:icon="@mipmap/ic_launcher"
25-->src/main/AndroidManifest.xml:7:9-43
26        android:label="@string/app_name"
26-->src/main/AndroidManifest.xml:8:9-41
27        android:roundIcon="@mipmap/ic_launcher_round"
27-->src/main/AndroidManifest.xml:9:9-54
28        android:supportsRtl="true"
28-->src/main/AndroidManifest.xml:10:9-35
29        android:testOnly="true"
30        android:theme="@style/AppTheme" >
30-->src/main/AndroidManifest.xml:11:9-40
31        <activity android:name="ch.joris.morseapp.MainActivity" >
31-->src/main/AndroidManifest.xml:13:9-20:20
31-->src/main/AndroidManifest.xml:13:19-46
32            <intent-filter>
32-->src/main/AndroidManifest.xml:15:13-19:29
33                <action android:name="android.intent.action.MAIN" />
33-->src/main/AndroidManifest.xml:16:13-65
33-->src/main/AndroidManifest.xml:16:21-62
34
35                <category android:name="android.intent.category.LAUNCHER" />
35-->src/main/AndroidManifest.xml:18:13-73
35-->src/main/AndroidManifest.xml:18:23-70
36            </intent-filter>
37        </activity>
38    </application>
39
40</manifest>